{"/home/ldap/florisrobart/Documents/Personnel/fg/FlorAccess/src/utils/logger.ts": {"path":"/home/ldap/florisrobart/Documents/Personnel/fg/FlorAccess/src/utils/logger.ts","statementMap":{"0":{"start":{"line":26,"column":0},"end":{"line":26,"column":16}},"1":{"start":{"line":51,"column":0},"end":{"line":51,"column":16}},"2":{"start":{"line":68,"column":0},"end":{"line":68,"column":16}},"3":{"start":{"line":85,"column":0},"end":{"line":85,"column":16}},"4":{"start":{"line":102,"column":0},"end":{"line":102,"column":16}},"5":{"start":{"line":1,"column":0},"end":{"line":1,"column":38}},"6":{"start":{"line":2,"column":0},"end":{"line":2,"column":49}},"7":{"start":{"line":3,"column":0},"end":{"line":3,"column":53}},"8":{"start":{"line":7,"column":21},"end":{"line":7,"column":58}},"9":{"start":{"line":8,"column":23},"end":{"line":8,"column":61}},"10":{"start":{"line":9,"column":23},"end":{"line":9,"column":60}},"11":{"start":{"line":10,"column":20},"end":{"line":10,"column":57}},"12":{"start":{"line":11,"column":21},"end":{"line":11,"column":59}},"13":{"start":{"line":27,"column":4},"end":{"line":37,"column":5}},"14":{"start":{"line":28,"column":8},"end":{"line":28,"column":45}},"15":{"start":{"line":30,"column":8},"end":{"line":36,"column":9}},"16":{"start":{"line":31,"column":12},"end":{"line":35,"column":15}},"17":{"start":{"line":32,"column":16},"end":{"line":32,"column":59}},"18":{"start":{"line":34,"column":16},"end":{"line":34,"column":81}},"19":{"start":{"line":52,"column":4},"end":{"line":54,"column":5}},"20":{"start":{"line":53,"column":8},"end":{"line":53,"column":46}},"21":{"start":{"line":69,"column":4},"end":{"line":71,"column":5}},"22":{"start":{"line":70,"column":8},"end":{"line":70,"column":45}},"23":{"start":{"line":86,"column":4},"end":{"line":88,"column":5}},"24":{"start":{"line":87,"column":8},"end":{"line":87,"column":43}},"25":{"start":{"line":103,"column":4},"end":{"line":105,"column":5}},"26":{"start":{"line":104,"column":8},"end":{"line":104,"column":45}}},"fnMap":{"0":{"name":"error","decl":{"start":{"line":26,"column":16},"end":{"line":26,"column":21}},"loc":{"start":{"line":26,"column":36},"end":{"line":38,"column":1}}},"1":{"name":"(anonymous_2)","decl":{"start":{"line":31,"column":41},"end":{"line":31,"column":44}},"loc":{"start":{"line":31,"column":46},"end":{"line":33,"column":13}}},"2":{"name":"(anonymous_3)","decl":{"start":{"line":33,"column":21},"end":{"line":33,"column":22}},"loc":{"start":{"line":33,"column":36},"end":{"line":35,"column":13}}},"3":{"name":"warning","decl":{"start":{"line":51,"column":16},"end":{"line":51,"column":23}},"loc":{"start":{"line":51,"column":38},"end":{"line":55,"column":1}}},"4":{"name":"success","decl":{"start":{"line":68,"column":16},"end":{"line":68,"column":23}},"loc":{"start":{"line":68,"column":38},"end":{"line":72,"column":1}}},"5":{"name":"info","decl":{"start":{"line":85,"column":16},"end":{"line":85,"column":20}},"loc":{"start":{"line":85,"column":35},"end":{"line":89,"column":1}}},"6":{"name":"debug","decl":{"start":{"line":102,"column":16},"end":{"line":102,"column":21}},"loc":{"start":{"line":102,"column":36},"end":{"line":106,"column":1}}}},"branchMap":{"0":{"loc":{"start":{"line":27,"column":4},"end":{"line":37,"column":5}},"type":"if","locations":[{"start":{"line":27,"column":4},"end":{"line":37,"column":5}}]},"1":{"loc":{"start":{"line":30,"column":8},"end":{"line":36,"column":9}},"type":"if","locations":[{"start":{"line":30,"column":8},"end":{"line":36,"column":9}}]},"2":{"loc":{"start":{"line":52,"column":4},"end":{"line":54,"column":5}},"type":"if","locations":[{"start":{"line":52,"column":4},"end":{"line":54,"column":5}}]},"3":{"loc":{"start":{"line":69,"column":4},"end":{"line":71,"column":5}},"type":"if","locations":[{"start":{"line":69,"column":4},"end":{"line":71,"column":5}}]},"4":{"loc":{"start":{"line":86,"column":4},"end":{"line":88,"column":5}},"type":"if","locations":[{"start":{"line":86,"column":4},"end":{"line":88,"column":5}}]},"5":{"loc":{"start":{"line":103,"column":4},"end":{"line":105,"column":5}},"type":"if","locations":[{"start":{"line":103,"column":4},"end":{"line":105,"column":5}}]}},"s":{"0":1,"1":1,"2":1,"3":1,"4":1,"5":1,"6":1,"7":1,"8":1,"9":1,"10":1,"11":1,"12":1,"13":2,"14":2,"15":2,"16":2,"17":1,"18":1,"19":1,"20":1,"21":2,"22":2,"23":1,"24":1,"25":1,"26":1},"f":{"0":2,"1":1,"2":1,"3":1,"4":2,"5":1,"6":1},"b":{"0":[2],"1":[2],"2":[1],"3":[2],"4":[1],"5":[1]}}
,"/home/ldap/florisrobart/Documents/Personnel/fg/FlorAccess/src/utils/securities.ts": {"path":"/home/ldap/florisrobart/Documents/Personnel/fg/FlorAccess/src/utils/securities.ts","statementMap":{"0":{"start":{"line":16,"column":0},"end":{"line":16,"column":7}},"1":{"start":{"line":36,"column":0},"end":{"line":36,"column":7}},"2":{"start":{"line":50,"column":0},"end":{"line":50,"column":7}},"3":{"start":{"line":76,"column":0},"end":{"line":76,"column":7}},"4":{"start":{"line":117,"column":0},"end":{"line":117,"column":7}},"5":{"start":{"line":127,"column":0},"end":{"line":127,"column":7}},"6":{"start":{"line":1,"column":0},"end":{"line":1,"column":28}},"7":{"start":{"line":2,"column":0},"end":{"line":2,"column":38}},"8":{"start":{"line":4,"column":0},"end":{"line":4,"column":31}},"9":{"start":{"line":5,"column":0},"end":{"line":5,"column":54}},"10":{"start":{"line":6,"column":0},"end":{"line":6,"column":59}},"11":{"start":{"line":17,"column":4},"end":{"line":27,"column":5}},"12":{"start":{"line":18,"column":21},"end":{"line":22,"column":10}},"13":{"start":{"line":24,"column":8},"end":{"line":24,"column":20}},"14":{"start":{"line":26,"column":8},"end":{"line":26,"column":18}},"15":{"start":{"line":37,"column":4},"end":{"line":41,"column":5}},"16":{"start":{"line":38,"column":8},"end":{"line":38,"column":48}},"17":{"start":{"line":40,"column":8},"end":{"line":40,"column":18}},"18":{"start":{"line":51,"column":4},"end":{"line":68,"column":5}},"19":{"start":{"line":52,"column":8},"end":{"line":54,"column":9}},"20":{"start":{"line":53,"column":12},"end":{"line":53,"column":71}},"21":{"start":{"line":56,"column":27},"end":{"line":61,"column":10}},"22":{"start":{"line":63,"column":20},"end":{"line":63,"column":102}},"23":{"start":{"line":65,"column":8},"end":{"line":65,"column":19}},"24":{"start":{"line":67,"column":8},"end":{"line":67,"column":18}},"25":{"start":{"line":77,"column":4},"end":{"line":91,"column":5}},"26":{"start":{"line":78,"column":24},"end":{"line":78,"column":134}},"27":{"start":{"line":79,"column":8},"end":{"line":81,"column":9}},"28":{"start":{"line":80,"column":12},"end":{"line":80,"column":24}},"29":{"start":{"line":83,"column":21},"end":{"line":83,"column":56}},"30":{"start":{"line":84,"column":8},"end":{"line":86,"column":9}},"31":{"start":{"line":85,"column":12},"end":{"line":85,"column":24}},"32":{"start":{"line":88,"column":8},"end":{"line":88,"column":20}},"33":{"start":{"line":90,"column":8},"end":{"line":90,"column":18}},"34":{"start":{"line":102,"column":25},"end":{"line":102,"column":43}},"35":{"start":{"line":103,"column":4},"end":{"line":103,"column":34}},"36":{"start":{"line":105,"column":20},"end":{"line":105,"column":54}},"37":{"start":{"line":106,"column":4},"end":{"line":108,"column":7}},"38":{"start":{"line":107,"column":8},"end":{"line":107,"column":37}},"39":{"start":{"line":118,"column":4},"end":{"line":118,"column":38}},"40":{"start":{"line":119,"column":4},"end":{"line":119,"column":60}},"41":{"start":{"line":128,"column":4},"end":{"line":151,"column":5}},"42":{"start":{"line":129,"column":22},"end":{"line":129,"column":42}},"43":{"start":{"line":130,"column":28},"end":{"line":130,"column":40}},"44":{"start":{"line":131,"column":31},"end":{"line":131,"column":41}},"45":{"start":{"line":132,"column":21},"end":{"line":132,"column":75}},"46":{"start":{"line":133,"column":21},"end":{"line":133,"column":23}},"47":{"start":{"line":134,"column":23},"end":{"line":134,"column":46}},"48":{"start":{"line":136,"column":8},"end":{"line":145,"column":9}},"49":{"start":{"line":137,"column":12},"end":{"line":137,"column":36}},"50":{"start":{"line":138,"column":12},"end":{"line":144,"column":13}},"51":{"start":{"line":138,"column":25},"end":{"line":138,"column":26}},"52":{"start":{"line":140,"column":36},"end":{"line":140,"column":45}},"53":{"start":{"line":141,"column":16},"end":{"line":143,"column":17}},"54":{"start":{"line":142,"column":20},"end":{"line":142,"column":63}},"55":{"start":{"line":147,"column":8},"end":{"line":147,"column":42}},"56":{"start":{"line":148,"column":8},"end":{"line":148,"column":22}},"57":{"start":{"line":150,"column":8},"end":{"line":150,"column":18}}},"fnMap":{"0":{"name":"hashString","decl":{"start":{"line":16,"column":22},"end":{"line":16,"column":32}},"loc":{"start":{"line":16,"column":46},"end":{"line":28,"column":1}}},"1":{"name":"verifyHash","decl":{"start":{"line":36,"column":22},"end":{"line":36,"column":32}},"loc":{"start":{"line":36,"column":60},"end":{"line":42,"column":1}}},"2":{"name":"getJwt","decl":{"start":{"line":50,"column":22},"end":{"line":50,"column":28}},"loc":{"start":{"line":50,"column":39},"end":{"line":69,"column":1}}},"3":{"name":"verifyJwt","decl":{"start":{"line":76,"column":22},"end":{"line":76,"column":31}},"loc":{"start":{"line":76,"column":43},"end":{"line":92,"column":1}}},"4":{"name":"generateSecureRandomDelay","decl":{"start":{"line":101,"column":9},"end":{"line":101,"column":34}},"loc":{"start":{"line":101,"column":52},"end":{"line":109,"column":1}}},"5":{"name":"(anonymous_6)","decl":{"start":{"line":106,"column":23},"end":{"line":106,"column":24}},"loc":{"start":{"line":106,"column":35},"end":{"line":108,"column":5}}},"6":{"name":"generateApiToken","decl":{"start":{"line":117,"column":22},"end":{"line":117,"column":38}},"loc":{"start":{"line":117,"column":49},"end":{"line":120,"column":1}}},"7":{"name":"generateCode","decl":{"start":{"line":127,"column":22},"end":{"line":127,"column":34}},"loc":{"start":{"line":127,"column":49},"end":{"line":152,"column":1}}}},"branchMap":{"0":{"loc":{"start":{"line":52,"column":8},"end":{"line":54,"column":9}},"type":"if","locations":[{"start":{"line":52,"column":8},"end":{"line":54,"column":9}}]},"1":{"loc":{"start":{"line":52,"column":12},"end":{"line":52,"column":76}},"type":"binary-expr","locations":[{"start":{"line":52,"column":12},"end":{"line":52,"column":17}},{"start":{"line":52,"column":21},"end":{"line":52,"column":35}},{"start":{"line":52,"column":39},"end":{"line":52,"column":56}},{"start":{"line":52,"column":60},"end":{"line":52,"column":76}}]},"2":{"loc":{"start":{"line":79,"column":8},"end":{"line":81,"column":9}},"type":"if","locations":[{"start":{"line":79,"column":8},"end":{"line":81,"column":9}}]},"3":{"loc":{"start":{"line":79,"column":12},"end":{"line":79,"column":57}},"type":"binary-expr","locations":[{"start":{"line":79,"column":12},"end":{"line":79,"column":20}},{"start":{"line":79,"column":24},"end":{"line":79,"column":39}},{"start":{"line":79,"column":43},"end":{"line":79,"column":57}}]},"4":{"loc":{"start":{"line":84,"column":8},"end":{"line":86,"column":9}},"type":"if","locations":[{"start":{"line":84,"column":8},"end":{"line":86,"column":9}}]},"5":{"loc":{"start":{"line":84,"column":12},"end":{"line":84,"column":136}},"type":"binary-expr","locations":[{"start":{"line":84,"column":12},"end":{"line":84,"column":16}},{"start":{"line":84,"column":20},"end":{"line":84,"column":52}},{"start":{"line":84,"column":56},"end":{"line":84,"column":88}},{"start":{"line":84,"column":92},"end":{"line":84,"column":136}}]},"6":{"loc":{"start":{"line":101,"column":35},"end":{"line":101,"column":52}},"type":"default-arg","locations":[{"start":{"line":101,"column":48},"end":{"line":101,"column":52}}]},"7":{"loc":{"start":{"line":117,"column":39},"end":{"line":117,"column":49}},"type":"default-arg","locations":[{"start":{"line":117,"column":46},"end":{"line":117,"column":49}}]},"8":{"loc":{"start":{"line":138,"column":28},"end":{"line":138,"column":71}},"type":"binary-expr","locations":[{"start":{"line":138,"column":28},"end":{"line":138,"column":45}},{"start":{"line":138,"column":49},"end":{"line":138,"column":71}}]},"9":{"loc":{"start":{"line":141,"column":16},"end":{"line":143,"column":17}},"type":"if","locations":[{"start":{"line":141,"column":16},"end":{"line":143,"column":17}}]}},"s":{"0":1,"1":1,"2":1,"3":1,"4":1,"5":1,"6":1,"7":1,"8":1,"9":1,"10":1,"11":2,"12":2,"13":1,"14":1,"15":3,"16":3,"17":1,"18":2,"19":2,"20":1,"21":1,"22":1,"23":1,"24":1,"25":3,"26":3,"27":2,"28":0,"29":2,"30":2,"31":1,"32":1,"33":1,"34":3,"35":3,"36":3,"37":3,"38":3,"39":2,"40":2,"41":1,"42":1,"43":1,"44":1,"45":1,"46":1,"47":1,"48":1,"49":1,"50":1,"51":1,"52":6,"53":6,"54":6,"55":1,"56":1,"57":0},"f":{"0":2,"1":3,"2":2,"3":3,"4":3,"5":3,"6":2,"7":1},"b":{"0":[1],"1":[2,2,1,1],"2":[0],"3":[2,2,2],"4":[1],"5":[2,2,1,1],"6":[3],"7":[0],"8":[7,6],"9":[6]}}
,"/home/ldap/florisrobart/Documents/Personnel/fg/FlorAccess/src/utils/utils.ts": {"path":"/home/ldap/florisrobart/Documents/Personnel/fg/FlorAccess/src/utils/utils.ts","statementMap":{"0":{"start":{"line":11,"column":0},"end":{"line":11,"column":16}},"1":{"start":{"line":24,"column":0},"end":{"line":24,"column":16}},"2":{"start":{"line":34,"column":0},"end":{"line":34,"column":16}},"3":{"start":{"line":46,"column":0},"end":{"line":46,"column":16}},"4":{"start":{"line":1,"column":0},"end":{"line":1,"column":42}},"5":{"start":{"line":2,"column":0},"end":{"line":2,"column":38}},"6":{"start":{"line":12,"column":15},"end":{"line":12,"column":49}},"7":{"start":{"line":13,"column":4},"end":{"line":13,"column":37}},"8":{"start":{"line":13,"column":23},"end":{"line":13,"column":35}},"9":{"start":{"line":14,"column":4},"end":{"line":14,"column":46}},"10":{"start":{"line":25,"column":4},"end":{"line":25,"column":131}},"11":{"start":{"line":35,"column":23},"end":{"line":35,"column":73}},"12":{"start":{"line":36,"column":4},"end":{"line":36,"column":34}},"13":{"start":{"line":47,"column":4},"end":{"line":49,"column":5}},"14":{"start":{"line":48,"column":8},"end":{"line":48,"column":21}},"15":{"start":{"line":51,"column":4},"end":{"line":72,"column":5}},"16":{"start":{"line":52,"column":8},"end":{"line":54,"column":9}},"17":{"start":{"line":53,"column":12},"end":{"line":53,"column":25}},"18":{"start":{"line":56,"column":33},"end":{"line":56,"column":52}},"19":{"start":{"line":57,"column":8},"end":{"line":63,"column":9}},"20":{"start":{"line":58,"column":12},"end":{"line":62,"column":13}},"21":{"start":{"line":59,"column":16},"end":{"line":59,"column":72}},"22":{"start":{"line":61,"column":16},"end":{"line":61,"column":29}},"23":{"start":{"line":65,"column":8},"end":{"line":67,"column":9}},"24":{"start":{"line":66,"column":12},"end":{"line":66,"column":25}},"25":{"start":{"line":69,"column":8},"end":{"line":71,"column":9}},"26":{"start":{"line":70,"column":12},"end":{"line":70,"column":25}},"27":{"start":{"line":74,"column":4},"end":{"line":74,"column":16}},"28":{"start":{"line":84,"column":4},"end":{"line":84,"column":139}}},"fnMap":{"0":{"name":"normalizePort","decl":{"start":{"line":11,"column":16},"end":{"line":11,"column":29}},"loc":{"start":{"line":11,"column":41},"end":{"line":15,"column":1}}},"1":{"name":"generateUserToken","decl":{"start":{"line":24,"column":16},"end":{"line":24,"column":33}},"loc":{"start":{"line":24,"column":84},"end":{"line":26,"column":1}}},"2":{"name":"isValidEmail","decl":{"start":{"line":34,"column":16},"end":{"line":34,"column":28}},"loc":{"start":{"line":34,"column":42},"end":{"line":37,"column":1}}},"3":{"name":"isValidRequestBody","decl":{"start":{"line":46,"column":16},"end":{"line":46,"column":34}},"loc":{"start":{"line":46,"column":70},"end":{"line":75,"column":1}}},"4":{"name":"isValidType","decl":{"start":{"line":83,"column":9},"end":{"line":83,"column":20}},"loc":{"start":{"line":83,"column":31},"end":{"line":85,"column":1}}}},"branchMap":{"0":{"loc":{"start":{"line":13,"column":4},"end":{"line":13,"column":37}},"type":"if","locations":[{"start":{"line":13,"column":4},"end":{"line":13,"column":37}}]},"1":{"loc":{"start":{"line":24,"column":50},"end":{"line":24,"column":84}},"type":"default-arg","locations":[{"start":{"line":24,"column":65},"end":{"line":24,"column":84}}]},"2":{"loc":{"start":{"line":47,"column":4},"end":{"line":49,"column":5}},"type":"if","locations":[{"start":{"line":47,"column":4},"end":{"line":49,"column":5}}]},"3":{"loc":{"start":{"line":47,"column":8},"end":{"line":47,"column":49}},"type":"binary-expr","locations":[{"start":{"line":47,"column":8},"end":{"line":47,"column":32}},{"start":{"line":47,"column":36},"end":{"line":47,"column":49}}]},"4":{"loc":{"start":{"line":52,"column":8},"end":{"line":54,"column":9}},"type":"if","locations":[{"start":{"line":52,"column":8},"end":{"line":54,"column":9}}]},"5":{"loc":{"start":{"line":57,"column":8},"end":{"line":63,"column":9}},"type":"if","locations":[{"start":{"line":57,"column":8},"end":{"line":63,"column":9}}]},"6":{"loc":{"start":{"line":58,"column":12},"end":{"line":62,"column":13}},"type":"if","locations":[{"start":{"line":58,"column":12},"end":{"line":62,"column":13}},{"start":{"line":60,"column":19},"end":{"line":62,"column":13}}]},"7":{"loc":{"start":{"line":65,"column":8},"end":{"line":67,"column":9}},"type":"if","locations":[{"start":{"line":65,"column":8},"end":{"line":67,"column":9}}]},"8":{"loc":{"start":{"line":69,"column":8},"end":{"line":71,"column":9}},"type":"if","locations":[{"start":{"line":69,"column":8},"end":{"line":71,"column":9}}]},"9":{"loc":{"start":{"line":84,"column":11},"end":{"line":84,"column":138}},"type":"binary-expr","locations":[{"start":{"line":84,"column":11},"end":{"line":84,"column":30}},{"start":{"line":84,"column":34},"end":{"line":84,"column":48}},{"start":{"line":84,"column":53},"end":{"line":84,"column":78}},{"start":{"line":84,"column":82},"end":{"line":84,"column":107}},{"start":{"line":84,"column":111},"end":{"line":84,"column":137}}]}},"s":{"0":1,"1":1,"2":1,"3":1,"4":1,"5":1,"6":4,"7":4,"8":1,"9":3,"10":1,"11":2,"12":2,"13":6,"14":1,"15":5,"16":7,"17":0,"18":7,"19":7,"20":3,"21":2,"22":1,"23":6,"24":0,"25":6,"26":2,"27":2,"28":6},"f":{"0":4,"1":1,"2":2,"3":6,"4":6},"b":{"0":[1],"1":[0],"2":[1],"3":[6,6],"4":[0],"5":[3],"6":[2,1],"7":[0],"8":[2],"9":[6,6,6,2,1]}}
}
