TN:
SF:src/utils/logger.ts
FN:26,error
FN:31,(anonymous_2)
FN:33,(anonymous_3)
FN:51,warning
FN:68,success
FN:85,info
FN:102,debug
FNF:7
FNH:7
FNDA:2,error
FNDA:1,(anonymous_2)
FNDA:1,(anonymous_3)
FNDA:1,warning
FNDA:2,success
FNDA:1,info
FNDA:1,debug
DA:1,1
DA:2,1
DA:3,1
DA:7,1
DA:8,1
DA:9,1
DA:10,1
DA:11,1
DA:26,1
DA:27,2
DA:28,2
DA:30,2
DA:31,2
DA:32,1
DA:34,1
DA:51,1
DA:52,1
DA:53,1
DA:68,1
DA:69,2
DA:70,2
DA:85,1
DA:86,1
DA:87,1
DA:102,1
DA:103,1
DA:104,1
LF:27
LH:27
BRDA:27,0,0,2
BRDA:30,1,0,2
BRDA:52,2,0,1
BRDA:69,3,0,2
BRDA:86,4,0,1
BRDA:103,5,0,1
BRF:6
BRH:6
end_of_record
TN:
SF:src/utils/securities.ts
FN:16,hashString
FN:36,verifyHash
FN:50,getJwt
FN:76,verifyJwt
FN:101,generateSecureRandomDelay
FN:106,(anonymous_6)
FN:117,generateApiToken
FN:127,generateCode
FNF:8
FNH:8
FNDA:2,hashString
FNDA:3,verifyHash
FNDA:2,getJwt
FNDA:3,verifyJwt
FNDA:3,generateSecureRandomDelay
FNDA:3,(anonymous_6)
FNDA:2,generateApiToken
FNDA:1,generateCode
DA:1,1
DA:2,1
DA:4,1
DA:5,1
DA:6,1
DA:16,1
DA:17,2
DA:18,2
DA:24,1
DA:26,1
DA:36,1
DA:37,3
DA:38,3
DA:40,1
DA:50,1
DA:51,2
DA:52,2
DA:53,1
DA:56,1
DA:63,1
DA:65,1
DA:67,1
DA:76,1
DA:77,3
DA:78,3
DA:79,2
DA:80,0
DA:83,2
DA:84,2
DA:85,1
DA:88,1
DA:90,1
DA:102,3
DA:103,3
DA:105,3
DA:106,3
DA:107,3
DA:117,1
DA:118,2
DA:119,2
DA:127,1
DA:128,1
DA:129,1
DA:130,1
DA:131,1
DA:132,1
DA:133,1
DA:134,1
DA:136,1
DA:137,1
DA:138,1
DA:140,6
DA:141,6
DA:142,6
DA:147,1
DA:148,1
DA:150,0
LF:57
LH:55
BRDA:52,0,0,1
BRDA:52,1,0,2
BRDA:52,1,1,2
BRDA:52,1,2,1
BRDA:52,1,3,1
BRDA:79,2,0,0
BRDA:79,3,0,2
BRDA:79,3,1,2
BRDA:79,3,2,2
BRDA:84,4,0,1
BRDA:84,5,0,2
BRDA:84,5,1,2
BRDA:84,5,2,1
BRDA:84,5,3,1
BRDA:101,6,0,3
BRDA:117,7,0,0
BRDA:138,8,0,7
BRDA:138,8,1,6
BRDA:141,9,0,6
BRF:19
BRH:17
end_of_record
TN:
SF:src/utils/utils.ts
FN:11,normalizePort
FN:24,generateUserToken
FN:34,isValidEmail
FN:46,isValidRequestBody
FN:83,isValidType
FNF:5
FNH:5
FNDA:4,normalizePort
FNDA:1,generateUserToken
FNDA:2,isValidEmail
FNDA:6,isValidRequestBody
FNDA:6,isValidType
DA:1,1
DA:2,1
DA:11,1
DA:12,4
DA:13,4
DA:14,3
DA:24,1
DA:25,1
DA:34,1
DA:35,2
DA:36,2
DA:46,1
DA:47,6
DA:48,1
DA:51,5
DA:52,7
DA:53,0
DA:56,7
DA:57,7
DA:58,3
DA:59,2
DA:61,1
DA:65,6
DA:66,0
DA:69,6
DA:70,2
DA:74,2
DA:84,6
LF:28
LH:26
BRDA:13,0,0,1
BRDA:24,1,0,0
BRDA:47,2,0,1
BRDA:47,3,0,6
BRDA:47,3,1,6
BRDA:52,4,0,0
BRDA:57,5,0,3
BRDA:58,6,0,2
BRDA:58,6,1,1
BRDA:65,7,0,0
BRDA:69,8,0,2
BRDA:84,9,0,6
BRDA:84,9,1,6
BRDA:84,9,2,6
BRDA:84,9,3,2
BRDA:84,9,4,1
BRF:16
BRH:13
end_of_record
